<?xml version="1.0" encoding="UTF-8"?><testrun name="CreditCardWeb" project="CreditCardWeb" tests="17" started="17" failures="2" errors="2" ignored="0">
  <testsuite name="co.com.techandsolve.testatdd.CucumberConfig" time="23.293">
    <testsuite name="Feature: Guardar tarjeta" time="3.647">
      <testsuite name="Scenario: guardar una tarjeta" time="3.647">
        <testcase name="Given Dado que el usuario ingresa a la aplicacion para guardar una tarjeta" classname="Scenario: guardar una tarjeta" time="0.568"/>
        <testcase name="When El usuario da click en el boton nuevo" classname="Scenario: guardar una tarjeta" time="0.469"/>
        <testcase name="Then debe registrar la tarjeta con el nombre &quot;Tarjeta Master Card&quot; con la cedula &quot;1115069076&quot;, el monto de 500000 y en la fecha 2016-10-10" classname="Scenario: guardar una tarjeta" time="2.076"/>
        <testcase name="Then debe visualizar una dialog con el mensaje &quot;Se creo la tarjeta correctamente!.&quot;" classname="Scenario: guardar una tarjeta" time="0.534"/>
      </testsuite>
    </testsuite>
    <testsuite name="Feature: listar tarjetas" time="12.168">
      <testsuite name="Scenario: listar por cedula" time="0.826">
        <testcase name="Given Dado que el usuario ingresa a la aplicacion" classname="Scenario: listar por cedula" time="0.209"/>
        <testcase name="When El usuario busque con la cedula 11111" classname="Scenario: listar por cedula" time="0.205"/>
        <testcase name="Then debe aparcer el usuario 11111" classname="Scenario: listar por cedula" time="0.412"/>
      </testsuite>
      <testsuite name="Scenario: tarjetas bloqueadas" time="1.197" incomplete="true">
        <error>org.openqa.selenium.NoSuchWindowException: Window not found. The browser window may have been closed.
Command duration or timeout: 79 milliseconds
Build info: version: '2.53.0', revision: '35ae25b1534ae328c771e0856c93e187490ca824', time: '2016-03-15 10:43:46'
System info: host: 'raulalzate-ThinkPad-Edge-E440', ip: '127.0.1.1', os.name: 'Linux', os.arch: 'amd64', os.version: '4.4.0-22-generic', java.version: '1.8.0_91'
Driver info: org.openqa.selenium.firefox.FirefoxDriver
Capabilities [{applicationCacheEnabled=true, rotatable=false, handlesAlerts=true, databaseEnabled=true, version=46.0.1, platform=LINUX, nativeEvents=false, acceptSslCerts=true, webStorageEnabled=true, locationContextEnabled=true, browserName=firefox, takesScreenshot=true, javascriptEnabled=true, cssSelectorsEnabled=true}]
Session ID: 6dc51587-57b8-4e90-a685-143346551d3d
	at sun.reflect.NativeConstructorAccessorImpl.newInstance0(Native Method)
	at sun.reflect.NativeConstructorAccessorImpl.newInstance(NativeConstructorAccessorImpl.java:62)
	at sun.reflect.DelegatingConstructorAccessorImpl.newInstance(DelegatingConstructorAccessorImpl.java:45)
	at java.lang.reflect.Constructor.newInstance(Constructor.java:423)
	at org.openqa.selenium.remote.ErrorHandler.createThrowable(ErrorHandler.java:206)
	at org.openqa.selenium.remote.ErrorHandler.throwIfResponseFailed(ErrorHandler.java:158)
	at org.openqa.selenium.remote.RemoteWebDriver.execute(RemoteWebDriver.java:678)
	at org.openqa.selenium.remote.RemoteWebDriver.execute(RemoteWebDriver.java:701)
	at org.openqa.selenium.remote.RemoteWebDriver.close(RemoteWebDriver.java:521)
	at co.com.techandsolve.testatdd.ListarFeature.after(ListarFeature.java:36)
	at sun.reflect.NativeMethodAccessorImpl.invoke0(Native Method)
	at sun.reflect.NativeMethodAccessorImpl.invoke(NativeMethodAccessorImpl.java:62)
	at sun.reflect.DelegatingMethodAccessorImpl.invoke(DelegatingMethodAccessorImpl.java:43)
	at java.lang.reflect.Method.invoke(Method.java:498)
	at cucumber.runtime.Utils$1.call(Utils.java:37)
	at cucumber.runtime.Timeout.timeout(Timeout.java:13)
	at cucumber.runtime.Utils.invoke(Utils.java:31)
	at cucumber.runtime.java.JavaHookDefinition.execute(JavaHookDefinition.java:60)
	at cucumber.runtime.Runtime.runHookIfTagsMatch(Runtime.java:223)
	at cucumber.runtime.Runtime.runHooks(Runtime.java:211)
	at cucumber.runtime.Runtime.runAfterHooks(Runtime.java:205)
	at cucumber.runtime.model.CucumberScenario.run(CucumberScenario.java:46)
	at cucumber.runtime.junit.ExecutionUnitRunner.run(ExecutionUnitRunner.java:91)
	at cucumber.runtime.junit.FeatureRunner.runChild(FeatureRunner.java:63)
	at cucumber.runtime.junit.FeatureRunner.runChild(FeatureRunner.java:18)
	at org.junit.runners.ParentRunner$3.run(ParentRunner.java:238)
	at org.junit.runners.ParentRunner$1.schedule(ParentRunner.java:63)
	at org.junit.runners.ParentRunner.runChildren(ParentRunner.java:236)
	at org.junit.runners.ParentRunner.access$000(ParentRunner.java:53)
	at org.junit.runners.ParentRunner$2.evaluate(ParentRunner.java:229)
	at org.junit.runners.ParentRunner.run(ParentRunner.java:309)
	at cucumber.runtime.junit.FeatureRunner.run(FeatureRunner.java:70)
	at cucumber.api.junit.Cucumber.runChild(Cucumber.java:93)
	at cucumber.api.junit.Cucumber.runChild(Cucumber.java:37)
	at org.junit.runners.ParentRunner$3.run(ParentRunner.java:238)
	at org.junit.runners.ParentRunner$1.schedule(ParentRunner.java:63)
	at org.junit.runners.ParentRunner.runChildren(ParentRunner.java:236)
	at org.junit.runners.ParentRunner.access$000(ParentRunner.java:53)
	at org.junit.runners.ParentRunner$2.evaluate(ParentRunner.java:229)
	at org.junit.runners.ParentRunner.run(ParentRunner.java:309)
	at cucumber.api.junit.Cucumber.run(Cucumber.java:98)
	at org.eclipse.jdt.internal.junit4.runner.JUnit4TestReference.run(JUnit4TestReference.java:50)
	at org.eclipse.jdt.internal.junit.runner.TestExecution.run(TestExecution.java:38)
	at org.eclipse.jdt.internal.junit.runner.RemoteTestRunner.runTests(RemoteTestRunner.java:459)
	at org.eclipse.jdt.internal.junit.runner.RemoteTestRunner.runTests(RemoteTestRunner.java:675)
	at org.eclipse.jdt.internal.junit.runner.RemoteTestRunner.run(RemoteTestRunner.java:382)
	at org.eclipse.jdt.internal.junit.runner.RemoteTestRunner.main(RemoteTestRunner.java:192)
Caused by: org.openqa.selenium.NoSuchWindowException: Window not found. The browser window may have been closed.
Build info: version: '2.53.0', revision: '35ae25b1534ae328c771e0856c93e187490ca824', time: '2016-03-15 10:43:46'
System info: host: 'raulalzate-ThinkPad-Edge-E440', ip: '127.0.1.1', os.name: 'Linux', os.arch: 'amd64', os.version: '4.4.0-22-generic', java.version: '1.8.0_91'
Driver info: driver.version: unknown
	at &lt;anonymous class&gt;.nsCommandProcessor.prototype.execute(file:///tmp/anonymous8482410126855431962webdriver-profile/extensions/fxdriver@googlecode.com/components/command-processor.js:12719)
	at &lt;anonymous class&gt;.Dispatcher.executeAs/&lt;(file:///tmp/anonymous8482410126855431962webdriver-profile/extensions/fxdriver@googlecode.com/components/driver-component.js:9558)
	at &lt;anonymous class&gt;.Resource.prototype.handle(file:///tmp/anonymous8482410126855431962webdriver-profile/extensions/fxdriver@googlecode.com/components/driver-component.js:9705)
	at &lt;anonymous class&gt;.Dispatcher.prototype.dispatch(file:///tmp/anonymous8482410126855431962webdriver-profile/extensions/fxdriver@googlecode.com/components/driver-component.js:9652)
	at &lt;anonymous class&gt;.WebDriverServer/&lt;.handle(file:///tmp/anonymous8482410126855431962webdriver-profile/extensions/fxdriver@googlecode.com/components/driver-component.js:12517)
	at &lt;anonymous class&gt;.createHandlerFunc/&lt;(file:///tmp/anonymous8482410126855431962webdriver-profile/extensions/fxdriver@googlecode.com/components/httpd.js:2054)
	at &lt;anonymous class&gt;.ServerHandler.prototype.handleResponse(file:///tmp/anonymous8482410126855431962webdriver-profile/extensions/fxdriver@googlecode.com/components/httpd.js:2387)
	at &lt;anonymous class&gt;.Connection.prototype.process(file:///tmp/anonymous8482410126855431962webdriver-profile/extensions/fxdriver@googlecode.com/components/httpd.js:1223)
	at &lt;anonymous class&gt;.RequestReader.prototype._handleResponse(file:///tmp/anonymous8482410126855431962webdriver-profile/extensions/fxdriver@googlecode.com/components/httpd.js:1677)
	at &lt;anonymous class&gt;.RequestReader.prototype._processBody(file:///tmp/anonymous8482410126855431962webdriver-profile/extensions/fxdriver@googlecode.com/components/httpd.js:1525)
	at &lt;anonymous class&gt;.RequestReader.prototype.onInputStreamReady(file:///tmp/anonymous8482410126855431962webdriver-profile/extensions/fxdriver@googlecode.com/components/httpd.js:1393)

</error>
        <testcase name="Given Dado que el usuario ingresa a la aplicacion" classname="Scenario: tarjetas bloqueadas" time="0.264"/>
        <testcase name="When El usuario busque con la cedula 22222" classname="Scenario: tarjetas bloqueadas" time="0.163"/>
        <testcase name="Then Debe aparecer una alerta especificando el error &quot;locked card&quot;" classname="Scenario: tarjetas bloqueadas" time="0.77"/>
      </testsuite>
      <testsuite name="Scenario: eliminar una tarjeta" time="1.07" incomplete="true">
        <error>
          <expected>Se elimino la tarjeta</expected>
          <actual>null</actual>org.junit.ComparisonFailure: expected:&lt;[Se elimino la tarjeta]&gt; but was:&lt;[null]&gt;
	at org.junit.Assert.assertEquals(Assert.java:115)
	at org.junit.Assert.assertEquals(Assert.java:144)
	at co.com.techandsolve.testatdd.ListarFeature.debe_aparecer_una_alerta_especificando_mensaje_exitoso(ListarFeature.java:122)
	at âœ½.Then Debe aparecer una alerta especificando mensaje exitoso "Se elimino la tarjeta"(listarCards.feature:20)

org.openqa.selenium.UnhandledAlertException: Unexpected modal dialog (text: null): null
Build info: version: '2.53.0', revision: '35ae25b1534ae328c771e0856c93e187490ca824', time: '2016-03-15 10:43:46'
System info: host: 'raulalzate-ThinkPad-Edge-E440', ip: '127.0.1.1', os.name: 'Linux', os.arch: 'amd64', os.version: '4.4.0-22-generic', java.version: '1.8.0_91'
Driver info: org.openqa.selenium.firefox.FirefoxDriver
Capabilities [{applicationCacheEnabled=true, rotatable=false, handlesAlerts=true, databaseEnabled=true, version=46.0.1, platform=LINUX, nativeEvents=false, acceptSslCerts=true, webStorageEnabled=true, locationContextEnabled=true, browserName=firefox, takesScreenshot=true, javascriptEnabled=true, cssSelectorsEnabled=true}]
Session ID: 0d2e2434-f464-4ba9-8e12-33e7a20129e3
	at sun.reflect.NativeConstructorAccessorImpl.newInstance0(Native Method)
	at sun.reflect.NativeConstructorAccessorImpl.newInstance(NativeConstructorAccessorImpl.java:62)
	at sun.reflect.DelegatingConstructorAccessorImpl.newInstance(DelegatingConstructorAccessorImpl.java:45)
	at java.lang.reflect.Constructor.newInstance(Constructor.java:423)
	at org.openqa.selenium.remote.ErrorHandler.createThrowable(ErrorHandler.java:206)
	at org.openqa.selenium.remote.ErrorHandler.createUnhandledAlertException(ErrorHandler.java:187)
	at org.openqa.selenium.remote.ErrorHandler.throwIfResponseFailed(ErrorHandler.java:154)
	at org.openqa.selenium.remote.RemoteWebDriver.execute(RemoteWebDriver.java:678)
	at org.openqa.selenium.remote.RemoteWebDriver.execute(RemoteWebDriver.java:701)
	at org.openqa.selenium.remote.RemoteWebDriver.close(RemoteWebDriver.java:521)
	at co.com.techandsolve.testatdd.ListarFeature.after(ListarFeature.java:36)
	at sun.reflect.NativeMethodAccessorImpl.invoke0(Native Method)
	at sun.reflect.NativeMethodAccessorImpl.invoke(NativeMethodAccessorImpl.java:62)
	at sun.reflect.DelegatingMethodAccessorImpl.invoke(DelegatingMethodAccessorImpl.java:43)
	at java.lang.reflect.Method.invoke(Method.java:498)
	at cucumber.runtime.Utils$1.call(Utils.java:37)
	at cucumber.runtime.Timeout.timeout(Timeout.java:13)
	at cucumber.runtime.Utils.invoke(Utils.java:31)
	at cucumber.runtime.java.JavaHookDefinition.execute(JavaHookDefinition.java:60)
	at cucumber.runtime.Runtime.runHookIfTagsMatch(Runtime.java:223)
	at cucumber.runtime.Runtime.runHooks(Runtime.java:211)
	at cucumber.runtime.Runtime.runAfterHooks(Runtime.java:205)
	at cucumber.runtime.model.CucumberScenario.run(CucumberScenario.java:46)
	at cucumber.runtime.junit.ExecutionUnitRunner.run(ExecutionUnitRunner.java:91)
	at cucumber.runtime.junit.FeatureRunner.runChild(FeatureRunner.java:63)
	at cucumber.runtime.junit.FeatureRunner.runChild(FeatureRunner.java:18)
	at org.junit.runners.ParentRunner$3.run(ParentRunner.java:238)
	at org.junit.runners.ParentRunner$1.schedule(ParentRunner.java:63)
	at org.junit.runners.ParentRunner.runChildren(ParentRunner.java:236)
	at org.junit.runners.ParentRunner.access$000(ParentRunner.java:53)
	at org.junit.runners.ParentRunner$2.evaluate(ParentRunner.java:229)
	at org.junit.runners.ParentRunner.run(ParentRunner.java:309)
	at cucumber.runtime.junit.FeatureRunner.run(FeatureRunner.java:70)
	at cucumber.api.junit.Cucumber.runChild(Cucumber.java:93)
	at cucumber.api.junit.Cucumber.runChild(Cucumber.java:37)
	at org.junit.runners.ParentRunner$3.run(ParentRunner.java:238)
	at org.junit.runners.ParentRunner$1.schedule(ParentRunner.java:63)
	at org.junit.runners.ParentRunner.runChildren(ParentRunner.java:236)
	at org.junit.runners.ParentRunner.access$000(ParentRunner.java:53)
	at org.junit.runners.ParentRunner$2.evaluate(ParentRunner.java:229)
	at org.junit.runners.ParentRunner.run(ParentRunner.java:309)
	at cucumber.api.junit.Cucumber.run(Cucumber.java:98)
	at org.eclipse.jdt.internal.junit4.runner.JUnit4TestReference.run(JUnit4TestReference.java:50)
	at org.eclipse.jdt.internal.junit.runner.TestExecution.run(TestExecution.java:38)
	at org.eclipse.jdt.internal.junit.runner.RemoteTestRunner.runTests(RemoteTestRunner.java:459)
	at org.eclipse.jdt.internal.junit.runner.RemoteTestRunner.runTests(RemoteTestRunner.java:675)
	at org.eclipse.jdt.internal.junit.runner.RemoteTestRunner.run(RemoteTestRunner.java:382)
	at org.eclipse.jdt.internal.junit.runner.RemoteTestRunner.main(RemoteTestRunner.java:192)

</error>
        <testcase name="Given Dado que el usuario ingresa a la aplicacion" classname="Scenario: eliminar una tarjeta" time="0.3"/>
        <testcase name="When El usuario busque con la cedula 11111" classname="Scenario: eliminar una tarjeta" time="0.254"/>
        <testcase name="Then Debe eliminar la tarjeta &quot;Tarjeta Test&quot; y aceptar el mensaje &quot;Desea eliminar la tarjeta?&quot;" classname="Scenario: eliminar una tarjeta" time="0.496"/>
        <testcase name="Then Debe aparecer una alerta especificando mensaje exitoso &quot;Se elimino la tarjeta&quot;" classname="Scenario: eliminar una tarjeta" time="0.02">
          <failure>
            <expected>Se elimino la tarjeta</expected>
            <actual>null</actual>org.junit.ComparisonFailure: expected:&lt;[Se elimino la tarjeta]&gt; but was:&lt;[null]&gt;
	at org.junit.Assert.assertEquals(Assert.java:115)
	at org.junit.Assert.assertEquals(Assert.java:144)
	at co.com.techandsolve.testatdd.ListarFeature.debe_aparecer_una_alerta_especificando_mensaje_exitoso(ListarFeature.java:122)
	at âœ½.Then Debe aparecer una alerta especificando mensaje exitoso "Se elimino la tarjeta"(listarCards.feature:20)

</failure>
        </testcase>
      </testsuite>
    </testsuite>
  </testsuite>
  <testsuite name="co.com.techandsolve.services.CardServiceTest" time="0.107">
    <testcase name="debeListarLasTarjetas" classname="co.com.techandsolve.services.CardServiceTest" time="0.105"/>
    <testcase name="debeEliminarTarjeta" classname="co.com.techandsolve.services.CardServiceTest" time="0.001"/>
    <testcase name="debeCrearTarjeta" classname="co.com.techandsolve.services.CardServiceTest" time="0.0"/>
  </testsuite>
</testrun>
